<?xml version="1.0" ?>
<!DOCTYPE coverage SYSTEM "http://cobertura.sourceforge.net/xml/coverage-04.dtd">
<coverage lines-valid="97" lines-covered="86" line-rate="0.8865000000000001" branches-valid="29" branches-covered="16" branch-rate="0.5517" timestamp="1755157177718" complexity="0" version="0.1">
  <sources>
    <source>/Users/10009313/code/github/@buka/community.opendoc/pkg/openapi-reference-parser</source>
  </sources>
  <packages>
    <package name="src" line-rate="0.8842" branch-rate="0.5">
      <classes>
        <class name="index.ts" filename="src/index.ts" line-rate="0" branch-rate="1">
          <methods>
          </methods>
          <lines>
            <line number="1" hits="0" branch="false"/>
          </lines>
        </class>
        <class name="parser.ts" filename="src/parser.ts" line-rate="1" branch-rate="0.4285">
          <methods>
            <method name="(anonymous_0)" hits="1" signature="()V">
              <lines>
                <line number="16" hits="1"/>
              </lines>
            </method>
            <method name="(anonymous_1)" hits="3" signature="()V">
              <lines>
                <line number="22" hits="3"/>
              </lines>
            </method>
            <method name="(anonymous_2)" hits="4" signature="()V">
              <lines>
                <line number="45" hits="4"/>
              </lines>
            </method>
            <method name="(anonymous_3)" hits="6" signature="()V">
              <lines>
                <line number="51" hits="6"/>
              </lines>
            </method>
            <method name="(anonymous_4)" hits="1" signature="()V">
              <lines>
                <line number="54" hits="1"/>
              </lines>
            </method>
            <method name="(anonymous_5)" hits="4" signature="()V">
              <lines>
                <line number="55" hits="4"/>
              </lines>
            </method>
            <method name="(anonymous_6)" hits="6" signature="()V">
              <lines>
                <line number="57" hits="6"/>
              </lines>
            </method>
            <method name="(anonymous_7)" hits="4" signature="()V">
              <lines>
                <line number="59" hits="4"/>
              </lines>
            </method>
            <method name="(anonymous_8)" hits="1" signature="()V">
              <lines>
                <line number="63" hits="1"/>
              </lines>
            </method>
            <method name="(anonymous_9)" hits="4" signature="()V">
              <lines>
                <line number="64" hits="4"/>
              </lines>
            </method>
            <method name="(anonymous_10)" hits="2" signature="()V">
              <lines>
                <line number="70" hits="2"/>
              </lines>
            </method>
            <method name="(anonymous_11)" hits="5" signature="()V">
              <lines>
                <line number="70" hits="5"/>
              </lines>
            </method>
            <method name="(anonymous_12)" hits="4" signature="()V">
              <lines>
                <line number="71" hits="4"/>
              </lines>
            </method>
            <method name="(anonymous_13)" hits="1" signature="()V">
              <lines>
                <line number="97" hits="1"/>
              </lines>
            </method>
            <method name="(anonymous_14)" hits="4" signature="()V">
              <lines>
                <line number="102" hits="4"/>
              </lines>
            </method>
            <method name="(anonymous_15)" hits="6" signature="()V">
              <lines>
                <line number="112" hits="6"/>
              </lines>
            </method>
            <method name="(anonymous_16)" hits="2" signature="()V">
              <lines>
                <line number="113" hits="2"/>
              </lines>
            </method>
            <method name="(anonymous_17)" hits="4" signature="()V">
              <lines>
                <line number="114" hits="4"/>
              </lines>
            </method>
          </methods>
          <lines>
            <line number="1" hits="1" branch="false"/>
            <line number="4" hits="1" branch="false"/>
            <line number="5" hits="1" branch="false"/>
            <line number="6" hits="1" branch="false"/>
            <line number="11" hits="1" branch="false"/>
            <line number="12" hits="1" branch="false"/>
            <line number="13" hits="1" branch="false"/>
            <line number="14" hits="1" branch="false"/>
            <line number="17" hits="1" branch="false"/>
            <line number="18" hits="1" branch="true" condition-coverage="0% (0/1)"/>
            <line number="23" hits="3" branch="true" condition-coverage="50% (1/2)"/>
            <line number="24" hits="3" branch="true" condition-coverage="0% (0/1)"/>
            <line number="26" hits="3" branch="false"/>
            <line number="27" hits="3" branch="false"/>
            <line number="29" hits="3" branch="false"/>
            <line number="30" hits="3" branch="true" condition-coverage="0% (0/1)"/>
            <line number="31" hits="3" branch="false"/>
            <line number="35" hits="3" branch="true" condition-coverage="50% (1/2)"/>
            <line number="36" hits="6" branch="true" condition-coverage="0% (0/1)"/>
            <line number="38" hits="6" branch="false"/>
            <line number="39" hits="9" branch="true" condition-coverage="0% (0/1)"/>
            <line number="40" hits="9" branch="false"/>
            <line number="46" hits="4" branch="false"/>
            <line number="51" hits="6" branch="false"/>
            <line number="55" hits="1" branch="false"/>
            <line number="56" hits="4" branch="false"/>
            <line number="57" hits="6" branch="false"/>
            <line number="59" hits="4" branch="false"/>
            <line number="64" hits="1" branch="false"/>
            <line number="65" hits="4" branch="false"/>
            <line number="66" hits="4" branch="true" condition-coverage="0% (0/1)"/>
            <line number="68" hits="4" branch="false"/>
            <line number="69" hits="4" branch="false"/>
            <line number="70" hits="5" branch="true" condition-coverage="100% (2/2)"/>
            <line number="71" hits="4" branch="false"/>
            <line number="72" hits="4" branch="false"/>
            <line number="73" hits="2" branch="true" condition-coverage="0% (0/1)"/>
            <line number="74" hits="2" branch="false"/>
            <line number="75" hits="2" branch="false"/>
            <line number="79" hits="4" branch="false"/>
            <line number="80" hits="6" branch="false"/>
            <line number="81" hits="6" branch="false"/>
            <line number="82" hits="6" branch="false"/>
            <line number="83" hits="4" branch="false"/>
            <line number="85" hits="4" branch="true" condition-coverage="50% (1/2)"/>
            <line number="86" hits="4" branch="true" condition-coverage="100% (1/1)"/>
            <line number="88" hits="2" branch="true" condition-coverage="0% (0/1)"/>
            <line number="92" hits="4" branch="false"/>
            <line number="93" hits="4" branch="false"/>
            <line number="98" hits="1" branch="false"/>
            <line number="99" hits="1" branch="false"/>
            <line number="101" hits="1" branch="false"/>
            <line number="102" hits="1" branch="false"/>
            <line number="103" hits="4" branch="false"/>
            <line number="104" hits="4" branch="false"/>
            <line number="105" hits="4" branch="false"/>
            <line number="107" hits="4" branch="true" condition-coverage="75% (3/4)"/>
            <line number="109" hits="4" branch="false"/>
            <line number="112" hits="6" branch="false"/>
            <line number="113" hits="2" branch="false"/>
            <line number="114" hits="4" branch="false"/>
            <line number="119" hits="1" branch="false"/>
          </lines>
        </class>
        <class name="reference.ts" filename="src/reference.ts" line-rate="0.6875" branch-rate="0.8">
          <methods>
            <method name="(anonymous_0)" hits="18" signature="()V">
              <lines>
                <line number="7" hits="18"/>
              </lines>
            </method>
            <method name="(anonymous_1)" hits="17" signature="()V">
              <lines>
                <line number="26" hits="17"/>
              </lines>
            </method>
            <method name="(anonymous_2)" hits="8" signature="()V">
              <lines>
                <line number="34" hits="8"/>
              </lines>
            </method>
            <method name="(anonymous_3)" hits="16" signature="()V">
              <lines>
                <line number="38" hits="16"/>
              </lines>
            </method>
            <method name="(anonymous_4)" hits="24" signature="()V">
              <lines>
                <line number="42" hits="24"/>
              </lines>
            </method>
            <method name="(anonymous_5)" hits="15" signature="()V">
              <lines>
                <line number="46" hits="15"/>
              </lines>
            </method>
            <method name="(anonymous_6)" hits="0" signature="()V">
              <lines>
                <line number="56" hits="0"/>
              </lines>
            </method>
            <method name="(anonymous_7)" hits="0" signature="()V">
              <lines>
                <line number="64" hits="0"/>
              </lines>
            </method>
            <method name="(anonymous_8)" hits="0" signature="()V">
              <lines>
                <line number="69" hits="0"/>
              </lines>
            </method>
            <method name="(anonymous_9)" hits="0" signature="()V">
              <lines>
                <line number="74" hits="0"/>
              </lines>
            </method>
            <method name="(anonymous_10)" hits="0" signature="()V">
              <lines>
                <line number="78" hits="0"/>
              </lines>
            </method>
            <method name="(anonymous_11)" hits="1" signature="()V">
              <lines>
                <line number="85" hits="1"/>
              </lines>
            </method>
            <method name="(anonymous_12)" hits="0" signature="()V">
              <lines>
                <line number="89" hits="0"/>
              </lines>
            </method>
            <method name="(anonymous_13)" hits="4" signature="()V">
              <lines>
                <line number="93" hits="4"/>
              </lines>
            </method>
            <method name="(anonymous_14)" hits="0" signature="()V">
              <lines>
                <line number="98" hits="0"/>
              </lines>
            </method>
            <method name="(anonymous_15)" hits="2" signature="()V">
              <lines>
                <line number="103" hits="2"/>
              </lines>
            </method>
            <method name="(anonymous_16)" hits="2" signature="()V">
              <lines>
                <line number="107" hits="2"/>
              </lines>
            </method>
          </methods>
          <lines>
            <line number="1" hits="1" branch="false"/>
            <line number="3" hits="1" branch="false"/>
            <line number="6" hits="1" branch="false"/>
            <line number="8" hits="18" branch="true" condition-coverage="100% (1/1)"/>
            <line number="9" hits="6" branch="true" condition-coverage="100% (1/1)"/>
            <line number="10" hits="1" branch="false"/>
            <line number="13" hits="12" branch="false"/>
            <line number="25" hits="1" branch="false"/>
            <line number="26" hits="17" branch="false"/>
            <line number="27" hits="17" branch="false"/>
            <line number="35" hits="8" branch="false"/>
            <line number="39" hits="16" branch="false"/>
            <line number="43" hits="24" branch="false"/>
            <line number="47" hits="15" branch="true" condition-coverage="100% (1/1)"/>
            <line number="48" hits="11" branch="false"/>
            <line number="55" hits="1" branch="false"/>
            <line number="56" hits="0" branch="false"/>
            <line number="57" hits="0" branch="false"/>
            <line number="65" hits="0" branch="false"/>
            <line number="70" hits="0" branch="false"/>
            <line number="75" hits="0" branch="false"/>
            <line number="79" hits="0" branch="true" condition-coverage="0% (0/1)"/>
            <line number="80" hits="0" branch="false"/>
            <line number="84" hits="1" branch="false"/>
            <line number="85" hits="1" branch="false"/>
            <line number="86" hits="1" branch="false"/>
            <line number="90" hits="0" branch="false"/>
            <line number="94" hits="4" branch="false"/>
            <line number="99" hits="0" branch="false"/>
            <line number="104" hits="2" branch="false"/>
            <line number="108" hits="2" branch="true" condition-coverage="100% (1/1)"/>
            <line number="109" hits="0" branch="false"/>
          </lines>
        </class>
      </classes>
    </package>
    <package name="src.utils" line-rate="1" branch-rate="1">
      <classes>
        <class name="is-object.ts" filename="src/utils/is-object.ts" line-rate="1" branch-rate="1">
          <methods>
            <method name="isObject" hits="9" signature="()V">
              <lines>
                <line number="2" hits="9"/>
              </lines>
            </method>
          </methods>
          <lines>
            <line number="2" hits="1" branch="false"/>
            <line number="3" hits="9" branch="true" condition-coverage="100% (3/3)"/>
          </lines>
        </class>
      </classes>
    </package>
  </packages>
</coverage>
